09:21:51.750 [main] INFO  c.w.d.CommonApplication - [logStarting,55] - Starting CommonApplication using Java 1.8.0_66 on DESKTOP-9Q3APVJ with PID 17532 (E:\我的文档\myproject\common\out\production\mycommon started by htk in E:\我的文档\myproject\common)
09:21:51.773 [main] INFO  c.w.d.CommonApplication - [logStartupProfileInfo,660] - No active profile set, falling back to default profiles: default
09:21:53.531 [main] INFO  o.s.b.w.e.t.TomcatWebServer - [initialize,108] - Tomcat initialized with port(s): 9191 (http)
09:21:53.541 [main] INFO  o.a.c.h.Http11NioProtocol - [log,173] - Initializing ProtocolHandler ["http-nio-9191"]
09:21:53.543 [main] INFO  o.a.c.c.StandardService - [log,173] - Starting service [Tomcat]
09:21:53.543 [main] INFO  o.a.c.c.StandardEngine - [log,173] - Starting Servlet engine: [Apache Tomcat/9.0.41]
09:21:53.652 [main] INFO  o.a.c.c.C.[.[.[/] - [log,173] - Initializing Spring embedded WebApplicationContext
09:21:53.652 [main] INFO  o.s.b.w.s.c.ServletWebServerApplicationContext - [prepareWebApplicationContext,289] - Root WebApplicationContext: initialization completed in 1825 ms
09:21:53.940 [main] INFO  o.s.s.c.ThreadPoolTaskExecutor - [initialize,181] - Initializing ExecutorService 'applicationTaskExecutor'
09:21:54.176 [main] INFO  c.a.d.s.b.a.DruidDataSourceAutoConfigure - [dataSource,56] - Init DruidDataSource
09:21:54.720 [main] INFO  c.a.d.p.DruidDataSource - [init,930] - {dataSource-1} inited
09:21:54.744 [main] INFO  t.m.m.a.MapperCacheDisabler - [removeStaticCache,60] - Clear tk.mybatis.mapper.util.MsUtil CLASS_CACHE cache.
09:21:54.745 [main] INFO  t.m.m.a.MapperCacheDisabler - [removeStaticCache,60] - Clear tk.mybatis.mapper.genid.GenIdUtil CACHE cache.
09:21:54.746 [main] INFO  t.m.m.a.MapperCacheDisabler - [removeStaticCache,60] - Clear tk.mybatis.mapper.version.VersionUtil CACHE cache.
09:21:54.760 [main] INFO  t.m.m.a.MapperCacheDisabler - [removeEntityHelperCache,83] - Clear EntityHelper entityTableMap cache.
09:21:55.023 [main] INFO  o.a.c.h.Http11NioProtocol - [log,173] - Starting ProtocolHandler ["http-nio-9191"]
09:21:55.048 [main] INFO  o.s.b.w.e.t.TomcatWebServer - [start,220] - Tomcat started on port(s): 9191 (http) with context path ''
09:21:55.059 [main] INFO  c.w.d.CommonApplication - [logStarted,61] - Started CommonApplication in 3.832 seconds (JVM running for 5.936)
09:21:59.719 [http-nio-9191-exec-4] INFO  o.a.c.c.C.[.[.[/] - [log,173] - Initializing Spring DispatcherServlet 'dispatcherServlet'
09:21:59.719 [http-nio-9191-exec-4] INFO  o.s.w.s.DispatcherServlet - [initServletBean,525] - Initializing Servlet 'dispatcherServlet'
09:21:59.721 [http-nio-9191-exec-4] INFO  o.s.w.s.DispatcherServlet - [initServletBean,547] - Completed initialization in 1 ms
09:23:09.830 [main] INFO  c.w.d.CommonApplication - [logStarting,55] - Starting CommonApplication using Java 1.8.0_66 on DESKTOP-9Q3APVJ with PID 13572 (E:\我的文档\myproject\common\out\production\mycommon started by htk in E:\我的文档\myproject\common)
09:23:09.834 [main] INFO  c.w.d.CommonApplication - [logStartupProfileInfo,660] - No active profile set, falling back to default profiles: default
09:23:28.825 [main] INFO  o.s.b.w.e.t.TomcatWebServer - [initialize,108] - Tomcat initialized with port(s): 8080 (http)
09:23:28.836 [main] INFO  o.a.c.h.Http11NioProtocol - [log,173] - Initializing ProtocolHandler ["http-nio-8080"]
09:23:28.837 [main] INFO  o.a.c.c.StandardService - [log,173] - Starting service [Tomcat]
09:23:28.837 [main] INFO  o.a.c.c.StandardEngine - [log,173] - Starting Servlet engine: [Apache Tomcat/9.0.41]
09:23:28.951 [main] INFO  o.a.c.c.C.[.[.[/] - [log,173] - Initializing Spring embedded WebApplicationContext
09:23:28.952 [main] INFO  o.s.b.w.s.c.ServletWebServerApplicationContext - [prepareWebApplicationContext,289] - Root WebApplicationContext: initialization completed in 19062 ms
09:23:29.115 [main] INFO  o.a.c.c.StandardService - [log,173] - Stopping service [Tomcat]
09:23:29.139 [main] INFO  o.s.b.a.l.ConditionEvaluationReportLoggingListener - [logMessage,136] - 

Error starting ApplicationContext. To display the conditions report re-run your application with 'debug' enabled.
09:23:49.268 [main] INFO  c.w.d.CommonApplication - [logStarting,55] - Starting CommonApplication using Java 1.8.0_66 on DESKTOP-9Q3APVJ with PID 2000 (E:\我的文档\myproject\common\out\production\mycommon started by htk in E:\我的文档\myproject\common)
09:23:49.272 [main] INFO  c.w.d.CommonApplication - [logStartupProfileInfo,660] - No active profile set, falling back to default profiles: default
09:23:50.542 [main] INFO  o.s.b.w.e.t.TomcatWebServer - [initialize,108] - Tomcat initialized with port(s): 9191 (http)
09:23:50.554 [main] INFO  o.a.c.h.Http11NioProtocol - [log,173] - Initializing ProtocolHandler ["http-nio-9191"]
09:23:50.555 [main] INFO  o.a.c.c.StandardService - [log,173] - Starting service [Tomcat]
09:23:50.556 [main] INFO  o.a.c.c.StandardEngine - [log,173] - Starting Servlet engine: [Apache Tomcat/9.0.41]
09:23:50.707 [main] INFO  o.a.c.c.C.[.[.[/] - [log,173] - Initializing Spring embedded WebApplicationContext
09:23:50.708 [main] INFO  o.s.b.w.s.c.ServletWebServerApplicationContext - [prepareWebApplicationContext,289] - Root WebApplicationContext: initialization completed in 1384 ms
09:23:51.006 [main] INFO  o.s.s.c.ThreadPoolTaskExecutor - [initialize,181] - Initializing ExecutorService 'applicationTaskExecutor'
09:23:51.242 [main] INFO  c.a.d.s.b.a.DruidDataSourceAutoConfigure - [dataSource,56] - Init DruidDataSource
09:23:51.821 [main] INFO  c.a.d.p.DruidDataSource - [init,930] - {dataSource-1} inited
09:23:51.844 [main] INFO  t.m.m.a.MapperCacheDisabler - [removeStaticCache,60] - Clear tk.mybatis.mapper.util.MsUtil CLASS_CACHE cache.
09:23:51.845 [main] INFO  t.m.m.a.MapperCacheDisabler - [removeStaticCache,60] - Clear tk.mybatis.mapper.genid.GenIdUtil CACHE cache.
09:23:51.846 [main] INFO  t.m.m.a.MapperCacheDisabler - [removeStaticCache,60] - Clear tk.mybatis.mapper.version.VersionUtil CACHE cache.
09:23:51.854 [main] INFO  t.m.m.a.MapperCacheDisabler - [removeEntityHelperCache,83] - Clear EntityHelper entityTableMap cache.
09:23:52.121 [main] INFO  o.a.c.h.Http11NioProtocol - [log,173] - Starting ProtocolHandler ["http-nio-9191"]
09:23:52.145 [main] INFO  o.s.b.w.e.t.TomcatWebServer - [start,220] - Tomcat started on port(s): 9191 (http) with context path ''
09:23:52.156 [main] INFO  c.w.d.CommonApplication - [logStarted,61] - Started CommonApplication in 3.383 seconds (JVM running for 5.035)
09:24:20.324 [main] INFO  c.w.d.CommonApplication - [logStarting,55] - Starting CommonApplication using Java 1.8.0_66 on DESKTOP-9Q3APVJ with PID 14928 (E:\我的文档\myproject\common\out\production\mycommon started by htk in E:\我的文档\myproject\common)
09:24:20.328 [main] INFO  c.w.d.CommonApplication - [logStartupProfileInfo,660] - No active profile set, falling back to default profiles: default
09:24:45.153 [main] INFO  o.s.b.w.e.t.TomcatWebServer - [initialize,108] - Tomcat initialized with port(s): 9191 (http)
09:24:45.166 [main] INFO  o.a.c.h.Http11NioProtocol - [log,173] - Initializing ProtocolHandler ["http-nio-9191"]
09:24:45.167 [main] INFO  o.a.c.c.StandardService - [log,173] - Starting service [Tomcat]
09:24:45.167 [main] INFO  o.a.c.c.StandardEngine - [log,173] - Starting Servlet engine: [Apache Tomcat/9.0.41]
09:24:45.289 [main] INFO  o.a.c.c.C.[.[.[/] - [log,173] - Initializing Spring embedded WebApplicationContext
09:24:45.289 [main] INFO  o.s.b.w.s.c.ServletWebServerApplicationContext - [prepareWebApplicationContext,289] - Root WebApplicationContext: initialization completed in 24901 ms
09:24:45.607 [main] INFO  o.s.s.c.ThreadPoolTaskExecutor - [initialize,181] - Initializing ExecutorService 'applicationTaskExecutor'
09:24:45.856 [main] INFO  c.a.d.s.b.a.DruidDataSourceAutoConfigure - [dataSource,56] - Init DruidDataSource
09:24:46.445 [main] INFO  c.a.d.p.DruidDataSource - [init,930] - {dataSource-1} inited
09:24:46.477 [main] INFO  t.m.m.a.MapperCacheDisabler - [removeStaticCache,60] - Clear tk.mybatis.mapper.util.MsUtil CLASS_CACHE cache.
09:24:46.479 [main] INFO  t.m.m.a.MapperCacheDisabler - [removeStaticCache,60] - Clear tk.mybatis.mapper.genid.GenIdUtil CACHE cache.
09:24:46.481 [main] INFO  t.m.m.a.MapperCacheDisabler - [removeStaticCache,60] - Clear tk.mybatis.mapper.version.VersionUtil CACHE cache.
09:24:46.497 [main] INFO  t.m.m.a.MapperCacheDisabler - [removeEntityHelperCache,83] - Clear EntityHelper entityTableMap cache.
09:24:46.772 [main] INFO  o.a.c.h.Http11NioProtocol - [log,173] - Starting ProtocolHandler ["http-nio-9191"]
09:24:46.798 [main] INFO  o.s.b.w.e.t.TomcatWebServer - [start,220] - Tomcat started on port(s): 9191 (http) with context path ''
09:24:46.810 [main] INFO  c.w.d.CommonApplication - [logStarted,61] - Started CommonApplication in 26.914 seconds (JVM running for 28.617)
09:25:35.744 [SpringContextShutdownHook] INFO  c.a.d.p.DruidDataSource - [close,1825] - {dataSource-1} closed
09:25:35.745 [SpringContextShutdownHook] INFO  o.s.s.c.ThreadPoolTaskExecutor - [shutdown,218] - Shutting down ExecutorService 'applicationTaskExecutor'
09:25:43.325 [main] INFO  c.w.d.CommonApplication - [logStarting,55] - Starting CommonApplication using Java 1.8.0_66 on DESKTOP-9Q3APVJ with PID 17588 (E:\我的文档\myproject\common\out\production\mycommon started by htk in E:\我的文档\myproject\common)
09:25:43.328 [main] INFO  c.w.d.CommonApplication - [logStartupProfileInfo,660] - No active profile set, falling back to default profiles: default
09:25:44.634 [main] INFO  o.s.b.w.e.t.TomcatWebServer - [initialize,108] - Tomcat initialized with port(s): 9191 (http)
09:25:44.647 [main] INFO  o.a.c.h.Http11NioProtocol - [log,173] - Initializing ProtocolHandler ["http-nio-9191"]
09:25:44.648 [main] INFO  o.a.c.c.StandardService - [log,173] - Starting service [Tomcat]
09:25:44.648 [main] INFO  o.a.c.c.StandardEngine - [log,173] - Starting Servlet engine: [Apache Tomcat/9.0.41]
09:25:44.776 [main] INFO  o.a.c.c.C.[.[.[/] - [log,173] - Initializing Spring embedded WebApplicationContext
09:25:44.776 [main] INFO  o.s.b.w.s.c.ServletWebServerApplicationContext - [prepareWebApplicationContext,289] - Root WebApplicationContext: initialization completed in 1393 ms
09:25:45.075 [main] INFO  o.s.s.c.ThreadPoolTaskExecutor - [initialize,181] - Initializing ExecutorService 'applicationTaskExecutor'
09:25:45.338 [main] INFO  c.a.d.s.b.a.DruidDataSourceAutoConfigure - [dataSource,56] - Init DruidDataSource
09:25:45.878 [main] INFO  c.a.d.p.DruidDataSource - [init,930] - {dataSource-1} inited
09:25:45.897 [main] INFO  t.m.m.a.MapperCacheDisabler - [removeStaticCache,60] - Clear tk.mybatis.mapper.util.MsUtil CLASS_CACHE cache.
09:25:45.898 [main] INFO  t.m.m.a.MapperCacheDisabler - [removeStaticCache,60] - Clear tk.mybatis.mapper.genid.GenIdUtil CACHE cache.
09:25:45.899 [main] INFO  t.m.m.a.MapperCacheDisabler - [removeStaticCache,60] - Clear tk.mybatis.mapper.version.VersionUtil CACHE cache.
09:25:45.907 [main] INFO  t.m.m.a.MapperCacheDisabler - [removeEntityHelperCache,83] - Clear EntityHelper entityTableMap cache.
09:25:46.175 [main] INFO  o.a.c.h.Http11NioProtocol - [log,173] - Starting ProtocolHandler ["http-nio-9191"]
09:25:46.202 [main] INFO  o.s.b.w.e.t.TomcatWebServer - [start,220] - Tomcat started on port(s): 9191 (http) with context path ''
09:25:46.212 [main] INFO  c.w.d.CommonApplication - [logStarted,61] - Started CommonApplication in 3.288 seconds (JVM running for 5.142)
09:26:09.383 [http-nio-9191-exec-1] INFO  o.a.c.c.C.[.[.[/] - [log,173] - Initializing Spring DispatcherServlet 'dispatcherServlet'
09:26:09.384 [http-nio-9191-exec-1] INFO  o.s.w.s.DispatcherServlet - [initServletBean,525] - Initializing Servlet 'dispatcherServlet'
09:26:09.385 [http-nio-9191-exec-1] INFO  o.s.w.s.DispatcherServlet - [initServletBean,547] - Completed initialization in 1 ms
